<?xml version="1.0" encoding="UTF-8"?>
<!-- Generated by org.testng.reporters.JUnitXMLReporter -->
<testsuite ignored="0" hostname="DESKTOP-33AJ96H" failures="0" tests="4" name="Test" time="88.803" errors="0" timestamp="2022-07-12T19:17:20 IST">
  <testcase classname="Academy.E2EPractice.HomePage" name="basePageNavigation" time="23.092"/>
  <testcase classname="Academy.E2EPractice.HomePage" name="basePageNavigation" time="16.734"/>
  <testcase classname="Academy.E2EPractice.validateText" name="basePageNavigation" time="0.03"/>
  <testcase classname="Academy.E2EPractice.validateNavigationBar" name="basePageNavigation" time="0.026"/>
</testsuite> <!-- Test -->
