<?xml version="1.0" encoding="UTF-8"?>
<!-- Generated by org.testng.reporters.JUnitXMLReporter -->
<testsuite ignored="0" hostname="DESKTOP-33AJ96H" failures="0" tests="4" name="Test" time="105.872" errors="0" timestamp="2022-07-12T18:02:22 IST">
  <testcase classname="Academy.E2EPractice.HomePage" name="basePageNavigation" time="40.124"/>
  <testcase classname="Academy.E2EPractice.HomePage" name="basePageNavigation" time="16.833"/>
  <testcase classname="Academy.E2EPractice.validateText" name="basePageNavigation" time="0.026"/>
  <testcase classname="Academy.E2EPractice.validateNavigationBar" name="basePageNavigation" time="0.032"/>
</testsuite> <!-- Test -->
