<?xml version="1.0" encoding="UTF-8"?>
<testng-results ignored="0" total="2" passed="2" failed="0" skipped="0">
  <reporter-output>
  </reporter-output>
  <suite started-at="2022-07-17T01:23:32 IST" name="Default suite" finished-at="2022-07-17T01:24:16 IST" duration-ms="43840">
    <groups>
    </groups>
    <test started-at="2022-07-17T01:23:32 IST" name="Default test" finished-at="2022-07-17T01:24:16 IST" duration-ms="43840">
      <class name="Academy.E2EPractice.HomePage">
        <test-method is-config="true" signature="Preconditions()[pri:0, instance:Academy.E2EPractice.HomePage@1ed6388a]" started-at="2022-07-17T01:23:32 IST" name="Preconditions" finished-at="2022-07-17T01:23:35 IST" duration-ms="3496" status="PASS">
          <reporter-output>
          </reporter-output>
        </test-method> <!-- Preconditions -->
        <test-method signature="validateHomepage(java.lang.String,java.lang.String,java.lang.String)[pri:0, instance:Academy.E2EPractice.HomePage@1ed6388a]" started-at="2022-07-17T01:23:36 IST" name="validateHomepage" data-provider="getData" finished-at="2022-07-17T01:23:59 IST" duration-ms="23716" status="PASS">
          <params>
            <param index="0">
              <value>
                <![CDATA[notrestricteduser@gmail.com]]>
              </value>
            </param>
            <param index="1">
              <value>
                <![CDATA[Abc@123]]>
              </value>
            </param>
            <param index="2">
              <value>
                <![CDATA[Not restricted user]]>
              </value>
            </param>
          </params>
          <reporter-output>
          </reporter-output>
        </test-method> <!-- validateHomepage -->
        <test-method signature="validateHomepage(java.lang.String,java.lang.String,java.lang.String)[pri:0, instance:Academy.E2EPractice.HomePage@1ed6388a]" started-at="2022-07-17T01:23:59 IST" name="validateHomepage" data-provider="getData" finished-at="2022-07-17T01:24:16 IST" duration-ms="16425" status="PASS">
          <params>
            <param index="0">
              <value>
                <![CDATA[restricteduser@df.com]]>
              </value>
            </param>
            <param index="1">
              <value>
                <![CDATA[ef@123]]>
              </value>
            </param>
            <param index="2">
              <value>
                <![CDATA[Restricted user]]>
              </value>
            </param>
          </params>
          <reporter-output>
          </reporter-output>
        </test-method> <!-- validateHomepage -->
        <test-method is-config="true" signature="teardown()[pri:0, instance:Academy.E2EPractice.HomePage@1ed6388a]" started-at="2022-07-17T01:24:16 IST" name="teardown" finished-at="2022-07-17T01:24:16 IST" duration-ms="179" status="PASS">
          <reporter-output>
          </reporter-output>
        </test-method> <!-- teardown -->
      </class> <!-- Academy.E2EPractice.HomePage -->
    </test> <!-- Default test -->
  </suite> <!-- Default suite -->
</testng-results>
